{"contracts/MicroCredit.sol":{"l":{},"path":"/home/dmitriy/Projects/SolTestTask/contracts/MicroCredit.sol","s":{},"b":{},"f":{},"fnMap":{},"statementMap":{},"branchMap":{}},"contracts/Ownable.sol":{"l":{"8":4,"12":1,"13":1,"17":1,"18":1},"path":"/home/dmitriy/Projects/SolTestTask/contracts/Ownable.sol","s":{"1":4,"2":1,"3":1,"4":1},"b":{"1":[1,0],"2":[1,0]},"f":{"1":4,"2":1,"3":1},"fnMap":{"1":{"name":"constructor","line":7,"loc":{"start":{"line":7,"column":4},"end":{"line":7,"column":22}}},"2":{"name":"onlyOwner","line":11,"loc":{"start":{"line":11,"column":4},"end":{"line":11,"column":22}}},"3":{"name":"transferOwnership","line":16,"loc":{"start":{"line":16,"column":4},"end":{"line":16,"column":63}}}},"statementMap":{"1":{"start":{"line":8,"column":8},"end":{"line":8,"column":25}},"2":{"start":{"line":12,"column":8},"end":{"line":12,"column":39}},"3":{"start":{"line":17,"column":8},"end":{"line":17,"column":42}},"4":{"start":{"line":18,"column":8},"end":{"line":18,"column":23}}},"branchMap":{"1":{"line":12,"type":"if","locations":[{"start":{"line":12,"column":8},"end":{"line":12,"column":8}},{"start":{"line":12,"column":8},"end":{"line":12,"column":8}}]},"2":{"line":17,"type":"if","locations":[{"start":{"line":17,"column":8},"end":{"line":17,"column":8}},{"start":{"line":17,"column":8},"end":{"line":17,"column":8}}]}}}}